<?xml version="1.0" encoding="UTF-8"?>
<!-- Generated by org.testng.reporters.JUnitReportReporter -->
<testsuite hostname="DESKTOP-A59KFL9" failures="0" tests="1" name="sample.tests.kickoff.macys.MacysMainTest" time="54.933" errors="0" timestamp="20 Jun 2020 23:34:05 GMT" skipped="0">
  <testcase classname="sample.tests.kickoff.macys.MacysMainTest" name="2_validate main page Links" time="54.933"/>
</testsuite> <!-- sample.tests.kickoff.macys.MacysMainTest -->
