<?xml version="1.0" encoding="UTF-8"?>
<!-- Generated by org.testng.reporters.JUnitReportReporter -->
<testsuite hostname="DESKTOP-A59KFL9" failures="0" tests="1" name="sample.tests.kickoff.google.GoogleMainTest" time="29.480" errors="0" timestamp="20 Jun 2020 21:03:45 GMT" skipped="0">
  <testcase classname="sample.tests.kickoff.google.GoogleMainTest" name="1_validate main page" time="29.480"/>
</testsuite> <!-- sample.tests.kickoff.google.GoogleMainTest -->
