<?xml version="1.0" encoding="UTF-8"?>
<!-- Generated by org.testng.reporters.JUnitReportReporter -->
<testsuite hostname="DESKTOP-A59KFL9" failures="0" tests="8" name="sample.tests.kickoff.ae.AEMainTest" time="289.416" errors="1" timestamp="21 Jun 2020 23:01:59 GMT" skipped="0">
  <testcase classname="sample.tests.kickoff.ae.AEMainTest" name="1_validate main page Title" time="39.816"/>
  <testcase classname="sample.tests.kickoff.ae.AEMainTest" name="5_validate main page Links_women" time="40.276">
    <error/>
  </testcase> <!-- 5_validate main page Links_women -->
  <testcase classname="sample.tests.kickoff.ae.AEMainTest" name="7_validate main page Links_tailgate" time="30.771"/>
  <testcase classname="sample.tests.kickoff.ae.AEMainTest" name="2_validate main page Links AE logo" time="45.381"/>
  <testcase classname="sample.tests.kickoff.ae.AEMainTest" name="6_validate main page Links_men" time="38.780"/>
  <testcase classname="sample.tests.kickoff.ae.AEMainTest" name="4_validate main page Links_checkout" time="29.192"/>
  <testcase classname="sample.tests.kickoff.ae.AEMainTest" name="3_validate main page Links_Aerie logo" time="34.928"/>
  <testcase classname="sample.tests.kickoff.ae.AEMainTest" name="8_validate main page Links_clearance" time="30.272"/>
</testsuite> <!-- sample.tests.kickoff.ae.AEMainTest -->
